<?xml version="1.0" encoding="UTF-8"?>
<TestRun id="922323e5-46ed-4982-90b1-60a5710f1000" name="Martin@MARTIN-PC 2011-02-28 23:44:23" runUser="Martin-PC\Martin" xmlns="http://microsoft.com/schemas/VisualStudio/TeamTest/2010">
  <TestSettings name="Local" id="a4c19e21-2cef-41ce-8329-a38c2e9f4673">
    <Description>These are default test settings for a local test run.</Description>
    <Deployment enabled="false" runDeploymentRoot="Martin_MARTIN-PC 2011-02-28 23_44_23">
      <DeploymentItem filename="C:\Users\Martin\Documents\Visual Studio 2010\Projects\GeometrySharp\GeometrySharp\bin\x86\Debug\GeometrySharp.dll" />
    </Deployment>
    <Execution>
      <TestTypeSpecific />
      <AgentRule name="Execution Agents">
      </AgentRule>
    </Execution>
  </TestSettings>
  <Times creation="2011-02-28T23:44:23.7098089+00:00" queuing="2011-02-28T23:44:23.7158093+00:00" start="2011-02-28T23:44:23.7258098+00:00" finish="2011-02-28T23:44:24.7528686+00:00" />
  <ResultSummary outcome="Failed">
    <Counters total="1" executed="1" error="0" failed="1" timeout="0" aborted="0" inconclusive="0" passedButRunAborted="0" notRunnable="0" notExecuted="0" disconnected="0" warning="0" passed="0" completed="0" inProgress="0" pending="0" />
  </ResultSummary>
  <TestDefinitions>
    <UnitTest name="ConstructTriangle" storage="c:\users\martin\documents\visual studio 2010\projects\geometrysharp\geometrysharpunittests\bin\debug\geometrysharpunittests.dll" id="73321675-385c-e5aa-82ef-31cb5dca3fe1">
      <Execution id="f9b03214-555a-4791-a4e8-2331cd305590" />
      <TestMethod codeBase="C:/Users/Martin/Documents/Visual Studio 2010/Projects/GeometrySharp/GeometrySharpUnitTests/bin/Debug/GeometrySharpUnitTests.DLL" adapterTypeName="Microsoft.VisualStudio.TestTools.TestTypes.Unit.UnitTestAdapter, Microsoft.VisualStudio.QualityTools.Tips.UnitTest.Adapter, Version=10.0.0.0, Culture=neutral, PublicKeyToken=b03f5f7f11d50a3a" className="GeometrySharpUnitTests.PrimitiveShapes, GeometrySharpUnitTests, Version=1.0.0.0, Culture=neutral, PublicKeyToken=null" name="ConstructTriangle" />
    </UnitTest>
  </TestDefinitions>
  <TestLists>
    <TestList name="Results Not in a List" id="8c84fa94-04c1-424b-9868-57a2d4851a1d" />
    <TestList name="All Loaded Results" id="19431567-8539-422a-85d7-44ee4e166bda" />
  </TestLists>
  <TestEntries>
    <TestEntry testId="73321675-385c-e5aa-82ef-31cb5dca3fe1" executionId="f9b03214-555a-4791-a4e8-2331cd305590" testListId="8c84fa94-04c1-424b-9868-57a2d4851a1d" />
  </TestEntries>
  <Results>
    <UnitTestResult executionId="f9b03214-555a-4791-a4e8-2331cd305590" testId="73321675-385c-e5aa-82ef-31cb5dca3fe1" testName="ConstructTriangle" computerName="MARTIN-PC" duration="00:00:00.3669821" startTime="2011-02-28T23:44:23.8448167+00:00" endTime="2011-02-28T23:44:24.7188666+00:00" testType="13cdc9d9-ddb5-4fa4-a97d-d965ccfc6d4b" outcome="Failed" testListId="8c84fa94-04c1-424b-9868-57a2d4851a1d" relativeResultsDirectory="f9b03214-555a-4791-a4e8-2331cd305590">
      <Output>
        <ErrorInfo>
          <Message>Test method GeometrySharpUnitTests.PrimitiveShapes.ConstructTriangle threw exception: 
System.NotImplementedException: The method or operation is not implemented.</Message>
          <StackTrace>    at GeometrySharp.HalfEdgeGeometry.Mesh.GetVertex(Vector3 a) in C:\Users\Martin\Documents\Visual Studio 2010\Projects\GeometrySharp\GeometrySharp\HalfEdgeGeometry\Mesh.cs:line 40
   at GeometrySharpUnitTests.PrimitiveShapes.ConstructTriangle() in C:\Users\Martin\Documents\Visual Studio 2010\Projects\GeometrySharp\GeometrySharpUnitTests\PrimitiveShapes.cs:line 19
</StackTrace>
        </ErrorInfo>
      </Output>
    </UnitTestResult>
  </Results>
</TestRun>